Determining if the pthread_create exist failed with the following output:
Change Dir: /home/qyb/qingzhou_ws/build/CMakeFiles/CMakeTmp

Run Build Command:"/usr/bin/make" "cmTC_ec954/fast"
/usr/bin/make -f CMakeFiles/cmTC_ec954.dir/build.make CMakeFiles/cmTC_ec954.dir/build
make[1]: 进入目录“/home/qyb/qingzhou_ws/build/CMakeFiles/CMakeTmp”
Building C object CMakeFiles/cmTC_ec954.dir/CheckSymbolExists.c.o
/usr/bin/cc    -o CMakeFiles/cmTC_ec954.dir/CheckSymbolExists.c.o   -c /home/qyb/qingzhou_ws/build/CMakeFiles/CMakeTmp/CheckSymbolExists.c
Linking C executable cmTC_ec954
/usr/bin/cmake -E cmake_link_script CMakeFiles/cmTC_ec954.dir/link.txt --verbose=1
/usr/bin/cc      -rdynamic CMakeFiles/cmTC_ec954.dir/CheckSymbolExists.c.o  -o cmTC_ec954 
CMakeFiles/cmTC_ec954.dir/CheckSymbolExists.c.o：在函数‘main’中：
CheckSymbolExists.c:(.text+0x14)：对‘pthread_create’未定义的引用
CheckSymbolExists.c:(.text+0x18)：对‘pthread_create’未定义的引用
collect2: error: ld returned 1 exit status
CMakeFiles/cmTC_ec954.dir/build.make:97: recipe for target 'cmTC_ec954' failed
make[1]: *** [cmTC_ec954] Error 1
make[1]: 离开目录“/home/qyb/qingzhou_ws/build/CMakeFiles/CMakeTmp”
Makefile:126: recipe for target 'cmTC_ec954/fast' failed
make: *** [cmTC_ec954/fast] Error 2

File /home/qyb/qingzhou_ws/build/CMakeFiles/CMakeTmp/CheckSymbolExists.c:
/* */
#include <pthread.h>

int main(int argc, char** argv)
{
  (void)argv;
#ifndef pthread_create
  return ((int*)(&pthread_create))[argc];
#else
  (void)argc;
  return 0;
#endif
}

Determining if the function pthread_create exists in the pthreads failed with the following output:
Change Dir: /home/qyb/qingzhou_ws/build/CMakeFiles/CMakeTmp

Run Build Command:"/usr/bin/make" "cmTC_9987b/fast"
/usr/bin/make -f CMakeFiles/cmTC_9987b.dir/build.make CMakeFiles/cmTC_9987b.dir/build
make[1]: 进入目录“/home/qyb/qingzhou_ws/build/CMakeFiles/CMakeTmp”
Building C object CMakeFiles/cmTC_9987b.dir/CheckFunctionExists.c.o
/usr/bin/cc   -DCHECK_FUNCTION_EXISTS=pthread_create   -o CMakeFiles/cmTC_9987b.dir/CheckFunctionExists.c.o   -c /usr/share/cmake-3.10/Modules/CheckFunctionExists.c
Linking C executable cmTC_9987b
/usr/bin/cmake -E cmake_link_script CMakeFiles/cmTC_9987b.dir/link.txt --verbose=1
/usr/bin/cc  -DCHECK_FUNCTION_EXISTS=pthread_create    -rdynamic CMakeFiles/cmTC_9987b.dir/CheckFunctionExists.c.o  -o cmTC_9987b -lpthreads 
/usr/bin/ld: 找不到 -lpthreads
collect2: error: ld returned 1 exit status
CMakeFiles/cmTC_9987b.dir/build.make:97: recipe for target 'cmTC_9987b' failed
make[1]: *** [cmTC_9987b] Error 1
make[1]: 离开目录“/home/qyb/qingzhou_ws/build/CMakeFiles/CMakeTmp”
Makefile:126: recipe for target 'cmTC_9987b/fast' failed
make: *** [cmTC_9987b/fast] Error 2


Determining if the include file pgm.h exists failed with the following output:
Change Dir: /home/qyb/qingzhou_ws/build/CMakeFiles/CMakeTmp

Run Build Command:"/usr/bin/make" "cmTC_fdff0/fast"
/usr/bin/make -f CMakeFiles/cmTC_fdff0.dir/build.make CMakeFiles/cmTC_fdff0.dir/build
make[1]: 进入目录“/home/qyb/qingzhou_ws/build/CMakeFiles/CMakeTmp”
Building CXX object CMakeFiles/cmTC_fdff0.dir/CheckIncludeFile.cxx.o
/usr/bin/c++     -o CMakeFiles/cmTC_fdff0.dir/CheckIncludeFile.cxx.o -c /home/qyb/qingzhou_ws/build/CMakeFiles/CMakeTmp/CheckIncludeFile.cxx
/home/qyb/qingzhou_ws/build/CMakeFiles/CMakeTmp/CheckIncludeFile.cxx:1:10: fatal error: pgm.h: 没有那个文件或目录
 #include <pgm.h>
          ^~~~~~~
compilation terminated.
CMakeFiles/cmTC_fdff0.dir/build.make:65: recipe for target 'CMakeFiles/cmTC_fdff0.dir/CheckIncludeFile.cxx.o' failed
make[1]: *** [CMakeFiles/cmTC_fdff0.dir/CheckIncludeFile.cxx.o] Error 1
make[1]: 离开目录“/home/qyb/qingzhou_ws/build/CMakeFiles/CMakeTmp”
Makefile:126: recipe for target 'cmTC_fdff0/fast' failed
make: *** [cmTC_fdff0/fast] Error 2


